The following modules were not unloaded:
  (Use "module --force purge" to unload all):

  1) modules/2.4-20250724   2) openblas/single-0.3.29
/mnt/sw/nix/store/71ksmx7k6xy3v9ksfkv5mp5kxxp64pd6-python-3.10.13-view/lib/python3.10/site-packages/numpy/core/getlimits.py:549: UserWarning: The value of the smallest subnormal for <class 'numpy.float64'> type is zero.
  setattr(self, word, getattr(machar, word).flat[0])
/mnt/sw/nix/store/71ksmx7k6xy3v9ksfkv5mp5kxxp64pd6-python-3.10.13-view/lib/python3.10/site-packages/numpy/core/getlimits.py:89: UserWarning: The value of the smallest subnormal for <class 'numpy.float64'> type is zero.
  return self._float_to_str(self.smallest_subnormal)
/mnt/sw/nix/store/71ksmx7k6xy3v9ksfkv5mp5kxxp64pd6-python-3.10.13-view/lib/python3.10/site-packages/numpy/core/getlimits.py:549: UserWarning: The value of the smallest subnormal for <class 'numpy.float32'> type is zero.
  setattr(self, word, getattr(machar, word).flat[0])
/mnt/sw/nix/store/71ksmx7k6xy3v9ksfkv5mp5kxxp64pd6-python-3.10.13-view/lib/python3.10/site-packages/numpy/core/getlimits.py:89: UserWarning: The value of the smallest subnormal for <class 'numpy.float32'> type is zero.
  return self._float_to_str(self.smallest_subnormal)
/mnt/sw/nix/store/71ksmx7k6xy3v9ksfkv5mp5kxxp64pd6-python-3.10.13-view/lib/python3.10/site-packages/torch/_compile.py:24: UserWarning: optimizer contains a parameter group with duplicate parameters; in future, this will cause an error; see github.com/pytorch/pytorch/issues/40967 for more information
  return torch._dynamo.disable(fn, recursive)(*args, **kwargs)
/mnt/sw/nix/store/71ksmx7k6xy3v9ksfkv5mp5kxxp64pd6-python-3.10.13-view/lib/python3.10/site-packages/torch/optim/lr_scheduler.py:156: UserWarning: The epoch parameter in `scheduler.step()` was not necessary and is being deprecated where possible. Please use `scheduler.step()` to step the scheduler. During the deprecation, if epoch is different from None, the closed form is used instead of the new chainable form, where available. Please open an issue if you are unable to replicate your use case: https://github.com/pytorch/pytorch/issues/new/choose.
  warnings.warn(EPOCH_DEPRECATION_WARNING, UserWarning)
/mnt/sw/nix/store/71ksmx7k6xy3v9ksfkv5mp5kxxp64pd6-python-3.10.13-view/lib/python3.10/site-packages/torch/functional.py:507: UserWarning: torch.meshgrid: in an upcoming release, it will be required to pass the indexing argument. (Triggered internally at /dev/shm/nix-build-py-torch-2.2.2.drv-0/nixbld1/spack-stage-py-torch-2.2.2-mrga1lajkybghn1l6sc83lyspvbakfzk/spack-src/aten/src/ATen/native/TensorShape.cpp:3549.)
  return _VF.meshgrid(tensors, **kwargs)  # type: ignore[attr-defined]
Directory '/mnt/home/ptarancon/NeuroNS/test_post_Zurich/Burgers_more_components/Plots/Burgers_25NU_poly_Orthogonal' created.
[[5, 4, 1, 0.5897029196095183, -4.445080838243128, 3.2794154918284484], [2, 4, 0, 0.0022399755395383636, -2.411555031684024, -2.933521647815942], [1, 2, 5, -1.8549943381788303, 4.825845290704985, 2.1259235812575064], [2, 3, 1, -3.096479818421165, -3.7716212994463216, 2.438180404675716], [3, 4, 1, -0.6529205953512154, 4.100718683947429, 0.9180840669586408], [4, 0, 3, -2.780105885444394, 2.498373174692329, 2.610180106995088], [2, 0, 5, -4.216743687599283, -2.5808749644500084, 1.3152379597246702], [2, 5, 0, 0.9403719948547078, 1.9140567827980268, 3.8732526045277496], [3, 5, 1, 4.733191110144441, 4.563427942931295, 0.2433439511847748], [5, 3, 0, 2.4901906194097787, 4.2183443689114615, 3.8629301801239038], [2, 5, 0, 0.8441387455354024, 0.43227127043464986, -2.519916304619626], [5, 2, 4, -3.5915497518887474, -4.043220883335606, 4.1516448677869064], [5, 1, 0, -4.312025385405404, -4.891352005733367, -1.6537084310884307], [0, 3, 1, 1.8359248426731192, -0.4153976642360657, -1.2567025695654643], [0, 2, 3, 1.8196845956577707, 0.0695387235109477, -0.5325189543392401], [3, 0, 4, -0.9827168613031887, -1.7946351544029158, -3.463911275583608], [3, 4, 0, 3.17108384805956, 0.8091331933744881, -0.8672166833175492], [2, 0, 5, -0.23379315996486838, -2.183564671057552, 0.07084846995390315], [3, 0, 4, 1.8782050705166862, -4.20882650587764, 4.080659418715264], [5, 4, 2, -1.989696452276343, -4.869101535545663, -3.686281609742891]]
(1, 20)
Computing orthogonality
Equations dictionary generated
{'equations_0': <function generate_equations.<locals>.make_equations.<locals>.burguers at 0x15548c6ff370>, 'equations_1': <function generate_equations.<locals>.make_equations.<locals>.burguers at 0x15548c6ff400>, 'equations_2': <function generate_equations.<locals>.make_equations.<locals>.burguers at 0x15548c6ff2e0>, 'equations_3': <function generate_equations.<locals>.make_equations.<locals>.burguers at 0x15548c6ff250>, 'equations_4': <function generate_equations.<locals>.make_equations.<locals>.burguers at 0x15548c6ff1c0>, 'equations_5': <function generate_equations.<locals>.make_equations.<locals>.burguers at 0x15548c6ff130>, 'equations_6': <function generate_equations.<locals>.make_equations.<locals>.burguers at 0x15548c6ff5b0>, 'equations_7': <function generate_equations.<locals>.make_equations.<locals>.burguers at 0x15548c6ff0a0>, 'equations_8': <function generate_equations.<locals>.make_equations.<locals>.burguers at 0x15548c6ff490>, 'equations_9': <function generate_equations.<locals>.make_equations.<locals>.burguers at 0x15548c6ff520>, 'equations_10': <function generate_equations.<locals>.make_equations.<locals>.burguers at 0x15548c6ff640>, 'equations_11': <function generate_equations.<locals>.make_equations.<locals>.burguers at 0x15548c6ff6d0>, 'equations_12': <function generate_equations.<locals>.make_equations.<locals>.burguers at 0x15548c6ff760>, 'equations_13': <function generate_equations.<locals>.make_equations.<locals>.burguers at 0x15548c6ff7f0>, 'equations_14': <function generate_equations.<locals>.make_equations.<locals>.burguers at 0x15548c6ff880>, 'equations_15': <function generate_equations.<locals>.make_equations.<locals>.burguers at 0x15548c6ff910>, 'equations_16': <function generate_equations.<locals>.make_equations.<locals>.burguers at 0x15548c6ff9a0>, 'equations_17': <function generate_equations.<locals>.make_equations.<locals>.burguers at 0x15548c6ffa30>, 'equations_18': <function generate_equations.<locals>.make_equations.<locals>.burguers at 0x15548c6ffac0>, 'equations_19': <function generate_equations.<locals>.make_equations.<locals>.burguers at 0x15548c6ffb50>}
Equation list ready
(1, 20)
head 0
Inside solver __init()__: <function generate_equations.<locals>.make_equations.<locals>.burguers at 0x15548c6ff370>
head 1
Inside solver __init()__: <function generate_equations.<locals>.make_equations.<locals>.burguers at 0x15548c6ff400>
head 2
Inside solver __init()__: <function generate_equations.<locals>.make_equations.<locals>.burguers at 0x15548c6ff2e0>
head 3
Inside solver __init()__: <function generate_equations.<locals>.make_equations.<locals>.burguers at 0x15548c6ff250>
head 4
Inside solver __init()__: <function generate_equations.<locals>.make_equations.<locals>.burguers at 0x15548c6ff1c0>
head 5
Inside solver __init()__: <function generate_equations.<locals>.make_equations.<locals>.burguers at 0x15548c6ff130>
head 6
Inside solver __init()__: <function generate_equations.<locals>.make_equations.<locals>.burguers at 0x15548c6ff5b0>
head 7
Inside solver __init()__: <function generate_equations.<locals>.make_equations.<locals>.burguers at 0x15548c6ff0a0>
head 8
Inside solver __init()__: <function generate_equations.<locals>.make_equations.<locals>.burguers at 0x15548c6ff490>
head 9
Inside solver __init()__: <function generate_equations.<locals>.make_equations.<locals>.burguers at 0x15548c6ff520>
head 10
Inside solver __init()__: <function generate_equations.<locals>.make_equations.<locals>.burguers at 0x15548c6ff640>
head 11
Inside solver __init()__: <function generate_equations.<locals>.make_equations.<locals>.burguers at 0x15548c6ff6d0>
head 12
Inside solver __init()__: <function generate_equations.<locals>.make_equations.<locals>.burguers at 0x15548c6ff760>
head 13
Inside solver __init()__: <function generate_equations.<locals>.make_equations.<locals>.burguers at 0x15548c6ff7f0>
head 14
Inside solver __init()__: <function generate_equations.<locals>.make_equations.<locals>.burguers at 0x15548c6ff880>
head 15
Inside solver __init()__: <function generate_equations.<locals>.make_equations.<locals>.burguers at 0x15548c6ff910>
head 16
Inside solver __init()__: <function generate_equations.<locals>.make_equations.<locals>.burguers at 0x15548c6ff9a0>
head 17
Inside solver __init()__: <function generate_equations.<locals>.make_equations.<locals>.burguers at 0x15548c6ffa30>
head 18
Inside solver __init()__: <function generate_equations.<locals>.make_equations.<locals>.burguers at 0x15548c6ffac0>
head 19
Inside solver __init()__: <function generate_equations.<locals>.make_equations.<locals>.burguers at 0x15548c6ffb50>
Learning rate  0.00010679775258520652
torch.Size([101, 103, 25, 3])
torch.Size([101, 103, 25, 20])
